<?xml version="1.0" encoding="UTF-8"?>
<testng-results skipped="0" failed="0" ignored="0" total="1" passed="1">
  <reporter-output>
  </reporter-output>
  <suite name="Default suite" duration-ms="31623" started-at="2022-06-06T17:50:23 IST" finished-at="2022-06-06T17:50:55 IST">
    <groups>
    </groups>
    <test name="Default test" duration-ms="31623" started-at="2022-06-06T17:50:23 IST" finished-at="2022-06-06T17:50:55 IST">
      <class name="Vitalize.NavigateToAllFunct">
        <test-method status="PASS" signature="beforeTest()[pri:0, instance:Vitalize.NavigateToAllFunct@e874448]" name="beforeTest" is-config="true" duration-ms="10102" started-at="2022-06-06T17:50:23 IST" finished-at="2022-06-06T17:50:33 IST">
          <reporter-output>
          </reporter-output>
        </test-method> <!-- beforeTest -->
        <test-method status="PASS" signature="naviagtetoallfunctionality()[pri:0, instance:Vitalize.NavigateToAllFunct@e874448]" name="naviagtetoallfunctionality" duration-ms="21210" started-at="2022-06-06T17:50:33 IST" finished-at="2022-06-06T17:50:55 IST">
          <reporter-output>
          </reporter-output>
        </test-method> <!-- naviagtetoallfunctionality -->
        <test-method status="PASS" signature="afterTest()[pri:0, instance:Vitalize.NavigateToAllFunct@e874448]" name="afterTest" is-config="true" duration-ms="203" started-at="2022-06-06T17:50:55 IST" finished-at="2022-06-06T17:50:55 IST">
          <reporter-output>
          </reporter-output>
        </test-method> <!-- afterTest -->
      </class> <!-- Vitalize.NavigateToAllFunct -->
    </test> <!-- Default test -->
  </suite> <!-- Default suite -->
</testng-results>
