<?xml version="1.0" encoding="UTF-8"?>
<!-- Generated by org.testng.reporters.JUnitXMLReporter -->
<testsuite hostname="LAPTOP-8BJ9LJJR" ignored="4" name="test" tests="3" failures="2" timestamp="15 Jun 2022 06:14:56 GMT" time="47.774" errors="0">
  <testcase name="@AfterMethod tearDown" time="0.0" classname="Vitalize.BaseClass">
    <failure type="java.lang.NullPointerException">
      <![CDATA[java.lang.NullPointerException
at Vitalize.BaseClass.tearDown(BaseClass.java:56)
... Removed 28 stack frames]]>
    </failure>
  </testcase> <!-- @AfterMethod tearDown -->
  <testcase name="@AfterMethod tearDown" time="0.001" classname="Vitalize.BaseClass">
    <failure type="java.lang.NullPointerException">
      <![CDATA[java.lang.NullPointerException
at Vitalize.BaseClass.tearDown(BaseClass.java:56)
... Removed 28 stack frames]]>
    </failure>
  </testcase> <!-- @AfterMethod tearDown -->
  <testcase name="naviagtetoallfunctionality" time="21.042" classname="Vitalize.NavigateToAllFunct"/>
  <testcase name="edit" time="0.003" classname="Vitalize.EditOrganization">
    <failure type="java.lang.NullPointerException">
      <![CDATA[java.lang.NullPointerException
at Vitalize.EditOrganization.edit(EditOrganization.java:29)
... Removed 25 stack frames]]>
    </failure>
  </testcase> <!-- edit -->
  <testcase name="Oragnization" time="0.003" classname="Vitalize.DeleteOraganization">
    <failure type="java.lang.NullPointerException">
      <![CDATA[java.lang.NullPointerException
at Vitalize.DeleteOraganization.Oragnization(DeleteOraganization.java:20)
... Removed 25 stack frames]]>
    </failure>
  </testcase> <!-- Oragnization -->
  <testcase name="@BeforeTest setExtentreport" time="0.0" classname="Vitalize.BaseClass">
    <ignored/>
  </testcase> <!-- @BeforeTest setExtentreport -->
  <testcase name="@BeforeTest setExtentreport" time="0.0" classname="Vitalize.BaseClass">
    <ignored/>
  </testcase> <!-- @BeforeTest setExtentreport -->
  <testcase name="@AfterTest endExtentreport" time="0.0" classname="Vitalize.BaseClass">
    <ignored/>
  </testcase> <!-- @AfterTest endExtentreport -->
  <testcase name="@AfterTest endExtentreport" time="0.0" classname="Vitalize.BaseClass">
    <ignored/>
  </testcase> <!-- @AfterTest endExtentreport -->
</testsuite> <!-- test -->
